<?xml version="1.0" encoding="UTF-8"?>
<testsuite xmlns:xsi="http://www.w3.org/2001/XMLSchema-instance" xsi:noNamespaceSchemaLocation="https://maven.apache.org/surefire/maven-surefire-plugin/xsd/surefire-test-report.xsd" version="3.0.2" name="com.amit.ems.authservice.controller.AuthControllerTest" time="10.458" tests="5" errors="0" skipped="0" failures="0">
  <properties>
[...]
</properties>
  <testcase name="register_shouldReturnSuccessForValidRequest" classname="com.amit.ems.authservice.controller.AuthControllerTest" time="0.841">
    <system-out><![CDATA[15:16:42.183 [main] INFO org.springframework.test.context.support.AnnotationConfigContextLoaderUtils -- Could not detect default configuration classes for test class [com.amit.ems.authservice.controller.AuthControllerTest]: AuthControllerTest does not declare any static, non-private, non-final, nested classes annotated with @Configuration.
15:16:42.706 [main] INFO org.springframework.boot.test.context.SpringBootTestContextBootstrapper -- Found @SpringBootConfiguration com.amit.ems.authservice.AuthServiceApplication for test class com.amit.ems.authservice.controller.AuthControllerTest

  .   ____          _            __ _ _
 /\\ / ___'_ __ _ _(_)_ __  __ _ \ \ \ \
( ( )\___ | '_ | '_| | '_ \/ _` | \ \ \ \
 \\/  ___)| |_)| | | | | || (_| |  ) ) ) )
  '  |____| .__|_| |_|_| |_\__, | / / / /
 =========|_|==============|___/=/_/_/_/

 :: Spring Boot ::                (v3.3.4)

2026-08-09T15:16:44.050+05:30  INFO 6080 --- [employee-service] [           main] c.a.e.a.controller.AuthControllerTest    : Starting AuthControllerTest using Java 17.0.19 with PID 6080 (started by Hp in D:\Amit\Work\Roadmaps\Projects\Resume Building\employee-management-system\auth-service)
2026-08-09T15:16:44.052+05:30 DEBUG 6080 --- [employee-service] [           main] c.a.e.a.controller.AuthControllerTest    : Running with Spring Boot v3.3.4, Spring v6.1.13
2026-08-09T15:16:44.055+05:30  INFO 6080 --- [employee-service] [           main] c.a.e.a.controller.AuthControllerTest    : No active profile set, falling back to 1 default profile: "default"
2026-08-09T15:16:50.187+05:30  WARN 6080 --- [employee-service] [           main] .s.s.UserDetailsServiceAutoConfiguration : 

Using generated security password: 542c8818-8992-4169-bb21-290ecfbbc8ea

This generated password is for development use only. Your security configuration must be updated before running your application in production.

2026-08-09T15:16:50.259+05:30  INFO 6080 --- [employee-service] [           main] r$InitializeUserDetailsManagerConfigurer : Global AuthenticationManager configured with UserDetailsService bean with name inMemoryUserDetailsManager
2026-08-09T15:16:50.643+05:30  INFO 6080 --- [employee-service] [           main] o.s.b.t.m.w.SpringBootMockServletContext : Initializing Spring TestDispatcherServlet ''
2026-08-09T15:16:50.644+05:30  INFO 6080 --- [employee-service] [           main] o.s.t.web.servlet.TestDispatcherServlet  : Initializing Servlet ''
2026-08-09T15:16:50.650+05:30  INFO 6080 --- [employee-service] [           main] o.s.t.web.servlet.TestDispatcherServlet  : Completed initialization in 4 ms
2026-08-09T15:16:50.735+05:30  INFO 6080 --- [employee-service] [           main] c.a.e.a.controller.AuthControllerTest    : Started AuthControllerTest in 7.765 seconds (process running for 10.725)
]]></system-out>
  </testcase>
  <testcase name="register_shouldReturnConflictForDuplicateUsername" classname="com.amit.ems.authservice.controller.AuthControllerTest" time="0.277"/>
  <testcase name="register_shouldReturnBadRequestForInvalidRequest" classname="com.amit.ems.authservice.controller.AuthControllerTest" time="0.065"/>
  <testcase name="login_shouldReturnTokenForValidRequest" classname="com.amit.ems.authservice.controller.AuthControllerTest" time="0.034"/>
  <testcase name="login_shouldReturnUnauthorizedForInvalidCredentials" classname="com.amit.ems.authservice.controller.AuthControllerTest" time="0.018"/>
</testsuite>